<?xml version="1.0" encoding="UTF-8"?>
<!-- Generated by org.testng.reporters.JUnitReportReporter -->
<testsuite skipped="0" hostname="DESKTOP-C0CNHNA" name="com.automation.index.Steps" tests="1" failures="0" timestamp="17 Mar 2020 09:19:02 GMT" time="169.061" errors="0">
  <testcase name="Signin_TestCase_01" time="169.061" classname="com.automation.index.Steps"/>
</testsuite> <!-- com.automation.index.Steps -->
