<?xml version="1.0" encoding="UTF-8"?>
<!-- Generated by org.testng.reporters.JUnitReportReporter -->
<testsuite skipped="0" hostname="DESKTOP-C0CNHNA" name="com.automation.index.Steps" tests="1" failures="0" timestamp="02 Jul 2020 12:22:23 GMT" time="238.236" errors="0">
  <testcase name="Portal_Creation_TestCase_01" time="238.236" classname="com.automation.index.Steps"/>
</testsuite> <!-- com.automation.index.Steps -->
