<?xml version="1.0" encoding="UTF-8"?>
<!-- Generated by org.testng.reporters.JUnitReportReporter -->
<testsuite skipped="0" hostname="DESKTOP-C0CNHNA" name="com.automation.index.Steps" tests="5" failures="0" timestamp="07 Apr 2020 12:42:57 GMT" time="585.184" errors="0">
  <testcase name="Program_TestCase_04" time="113.470" classname="com.automation.index.Steps"/>
  <testcase name="Program_TestCase_05" time="95.773" classname="com.automation.index.Steps"/>
  <testcase name="Program_TestCase_03" time="118.553" classname="com.automation.index.Steps"/>
  <testcase name="Program_TestCase_01" time="123.071" classname="com.automation.index.Steps"/>
  <testcase name="Program_TestCase_02" time="134.317" classname="com.automation.index.Steps"/>
</testsuite> <!-- com.automation.index.Steps -->
