<?xml version="1.0" encoding="UTF-8"?>
<!-- Generated by org.testng.reporters.JUnitReportReporter -->
<testsuite skipped="0" hostname="DESKTOP-C0CNHNA" name="com.automation.index.Steps" tests="1" failures="0" timestamp="03 Apr 2020 13:15:18 GMT" time="149.613" errors="0">
  <testcase name="Program_TestCase_03" time="149.613" classname="com.automation.index.Steps"/>
</testsuite> <!-- com.automation.index.Steps -->
