<?xml version="1.0" encoding="UTF-8"?>
<!-- Generated by org.testng.reporters.JUnitReportReporter -->
<testsuite skipped="0" hostname="DESKTOP-C0CNHNA" name="com.automation.index.Steps" tests="1" failures="0" timestamp="26 May 2020 13:05:45 GMT" time="233.091" errors="0">
  <testcase name="Program_TestCase_06" time="233.091" classname="com.automation.index.Steps"/>
</testsuite> <!-- com.automation.index.Steps -->
