<?xml version="1.0" encoding="UTF-8"?>
<!-- Generated by org.testng.reporters.JUnitReportReporter -->
<testsuite skipped="0" hostname="DESKTOP-C0CNHNA" name="com.automation.index.Steps_New" tests="1" failures="0" timestamp="28 Jul 2020 11:20:22 GMT" time="154.385" errors="0">
  <testcase name="Program_TestCase_01" time="154.385" classname="com.automation.index.Steps_New"/>
</testsuite> <!-- com.automation.index.Steps_New -->
