<?xml version="1.0" encoding="UTF-8"?>
<!-- Generated by org.testng.reporters.JUnitReportReporter -->
<testsuite skipped="0" hostname="DESKTOP-C0CNHNA" name="com.automation.index.Steps_New" tests="1" failures="0" timestamp="24 Mar 2020 09:53:20 GMT" time="579.786" errors="0">
  <testcase name="Signin_TestCase_01" time="579.786" classname="com.automation.index.Steps_New"/>
</testsuite> <!-- com.automation.index.Steps_New -->
