<?xml version="1.0" encoding="UTF-8"?>
<!-- Generated by org.testng.reporters.JUnitReportReporter -->
<testsuite skipped="0" hostname="DESKTOP-C0CNHNA" name="com.automation.index.Steps" tests="1" failures="0" timestamp="07 Apr 2020 02:35:14 GMT" time="87.611" errors="0">
  <testcase name="Program_TestCase_04" time="87.611" classname="com.automation.index.Steps"/>
</testsuite> <!-- com.automation.index.Steps -->
