<?xml version="1.0" encoding="UTF-8"?>
<!-- Generated by org.testng.reporters.JUnitReportReporter -->
<testsuite skipped="0" hostname="DESKTOP-C0CNHNA" name="com.automation.index.Steps" tests="1" failures="0" timestamp="03 Apr 2020 04:52:42 GMT" time="152.244" errors="0">
  <testcase name="Signin_TestCase_01" time="152.244" classname="com.automation.index.Steps"/>
</testsuite> <!-- com.automation.index.Steps -->
