<?xml version="1.0" encoding="UTF-8"?>
<!-- Generated by org.testng.reporters.JUnitReportReporter -->
<testsuite skipped="0" hostname="DESKTOP-C0CNHNA" name="com.automation.index.Steps" tests="1" failures="0" timestamp="09 Jun 2020 08:15:08 GMT" time="353.697" errors="0">
  <testcase name="Program_TestCase_06" time="353.697" classname="com.automation.index.Steps"/>
</testsuite> <!-- com.automation.index.Steps -->
