<?xml version="1.0" encoding="UTF-8"?>
<!-- Generated by org.testng.reporters.JUnitReportReporter -->
<testsuite skipped="0" hostname="DESKTOP-C0CNHNA" name="com.automation.index.Steps_New" tests="1" failures="0" timestamp="07 Jul 2020 08:17:35 GMT" time="115.562" errors="0">
  <testcase name="Program_TestCase_01" time="115.562" classname="com.automation.index.Steps_New"/>
</testsuite> <!-- com.automation.index.Steps_New -->
