<?xml version="1.0" encoding="UTF-8"?>
<!-- Generated by org.testng.reporters.JUnitReportReporter -->
<testsuite skipped="1" hostname="DESKTOP-C0CNHNA" name="com.automation.index.Steps" tests="2" failures="0" timestamp="22 Jun 2020 09:30:18 GMT" time="482.588" errors="0">
  <testcase name="Program_TestCase_06" time="380.474" classname="com.automation.index.Steps"/>
  <testcase name="Program_TestCase_06" time="102.114" classname="com.automation.index.Steps">
    <skipped/>
  </testcase> <!-- Program_TestCase_06 -->
</testsuite> <!-- com.automation.index.Steps -->
