<?xml version="1.0" encoding="UTF-8"?>
<!-- Generated by org.testng.reporters.JUnitReportReporter -->
<testsuite skipped="0" hostname="DESKTOP-C0CNHNA" name="com.automation.index.Steps" tests="1" failures="0" timestamp="18 Mar 2020 12:48:45 GMT" time="427.584" errors="0">
  <testcase name="Signin_TestCase_01" time="427.584" classname="com.automation.index.Steps"/>
</testsuite> <!-- com.automation.index.Steps -->
