<?xml version="1.0" encoding="UTF-8"?>
<!-- Generated by org.testng.reporters.JUnitReportReporter -->
<testsuite skipped="1" hostname="DESKTOP-C0CNHNA" name="com.automation.index.Steps" tests="2" failures="0" timestamp="26 May 2020 13:40:06 GMT" time="627.724" errors="0">
  <testcase name="Program_TestCase_06" time="251.796" classname="com.automation.index.Steps"/>
  <testcase name="Program_TestCase_06" time="375.928" classname="com.automation.index.Steps">
    <skipped/>
  </testcase> <!-- Program_TestCase_06 -->
</testsuite> <!-- com.automation.index.Steps -->
