<?xml version="1.0" encoding="UTF-8"?>
<!-- Generated by org.testng.reporters.JUnitReportReporter -->
<testsuite skipped="0" hostname="DESKTOP-C0CNHNA" name="com.automation.index.Steps" tests="1" failures="0" timestamp="07 Apr 2020 12:58:36 GMT" time="117.038" errors="0">
  <testcase name="Program_TestCase_06" time="117.038" classname="com.automation.index.Steps"/>
</testsuite> <!-- com.automation.index.Steps -->
